1781100678124	geckodriver	INFO	Listening on 127.0.0.1:43093
1781100678167	mozrunner::runner	INFO	Running command: MOZ_CRASHREPORTER="1" MOZ_CRASHREPORTER_NO_REPORT="1" MOZ_CRASHREPORTER_SHUTDOWN="1" "/usr/bin/firefox" "--m ... te" "--remote-debugging-port" "54917" "--remote-allow-hosts" "localhost" "-no-remote" "-profile" "/tmp/rust_mozprofileQROzLQ"
1781100678578	Marionette	INFO	Marionette enabled
1781100678667	Marionette	INFO	Listening on port 45817
WebDriver BiDi listening on ws://127.0.0.1:54917
Read port: 45817
1781100678806	RemoteAgent	WARN	TLS certificate errors will be ignored for this session
console.error: "Experiment desktop-release-rollout-show-relay-to-all-browsers-next-sign-up-modal-cta has unknown featureId: email-autocomplete-relay"
console.error: "Experiment visual-card-updates has unknown featureId: newtabRefinedCardsLayout"
1781100685907	RemoteAgent	WARN	TimedPromise timed out after 5000 ms: stacktrace:
TimedPromise/<@chrome://remote/content/shared/Sync.sys.mjs:448:24
TimedPromise@chrome://remote/content/shared/Sync.sys.mjs:432:10
waitForWindowState@chrome://remote/content/shared/WindowManager.sys.mjs:705:9
maximizeWindow@chrome://remote/content/shared/WindowManager.sys.mjs:514:13
GeckoDriver.prototype.maximizeWindow@chrome://remote/content/marionette/driver.sys.mjs:3132:29
JavaScript warning: https://www.google.com/search?q=123456789&sca_esv=5c97ab3475bd08d5&source=hp&ei=h3AparutN-3c1sQPrNrm-AY&iflsig=AFdpzrgAAAAAail-l-0waoSON9G3U57qn6DAVwqFvraO&ved=0ahUKEwj7jNeK7fyUAxVtrpUCHSytGW8Q4dUDCA0&uact=5&oq=123456789&gs_lp=Egdnd3Mtd2l6IgkxMjM0NTY3ODkyCBAAGIAEGKIEMggQABiABBiiBEiuAlAAWA9wAXgAkAEAmAG3AaABxgWqAQMwLjS4AQPIAQD4AQGYAgWgAtUFwgIFEAAY7wWYAwCSBwMxLjSgB-IEsgcDMC40uAfUBcIHBTEuMi4yyAcJgAgB&sclient=gws-wiz, line 6961: unreachable code after return statement
JavaScript warning: https://www.google.com/search?q=123456789&sca_esv=5c97ab3475bd08d5&source=hp&ei=h3AparutN-3c1sQPrNrm-AY&iflsig=AFdpzrgAAAAAail-l-0waoSON9G3U57qn6DAVwqFvraO&ved=0ahUKEwj7jNeK7fyUAxVtrpUCHSytGW8Q4dUDCA0&uact=5&oq=123456789&gs_lp=Egdnd3Mtd2l6IgkxMjM0NTY3ODkyCBAAGIAEGKIEMggQABiABBiiBEiuAlAAWA9wAXgAkAEAmAG3AaABxgWqAQMwLjS4AQPIAQD4AQGYAgWgAtUFwgIFEAAY7wWYAwCSBwMxLjSgB-IEsgcDMC40uAfUBcIHBTEuMi4yyAcJgAgB&sclient=gws-wiz, line 6961: unreachable code after return statement
JavaScript warning: https://www.google.com/search?q=123456789&sca_esv=5c97ab3475bd08d5&source=hp&ei=h3AparutN-3c1sQPrNrm-AY&iflsig=AFdpzrgAAAAAail-l-0waoSON9G3U57qn6DAVwqFvraO&ved=0ahUKEwj7jNeK7fyUAxVtrpUCHSytGW8Q4dUDCA0&uact=5&oq=123456789&gs_lp=Egdnd3Mtd2l6IgkxMjM0NTY3ODkyCBAAGIAEGKIEMggQABiABBiiBEiuAlAAWA9wAXgAkAEAmAG3AaABxgWqAQMwLjS4AQPIAQD4AQGYAgWgAtUFwgIFEAAY7wWYAwCSBwMxLjSgB-IEsgcDMC40uAfUBcIHBTEuMi4yyAcJgAgB&sclient=gws-wiz, line 6961: unreachable code after return statement
JavaScript warning: https://www.google.com/search?q=123456789&sca_esv=5c97ab3475bd08d5&source=hp&ei=h3AparutN-3c1sQPrNrm-AY&iflsig=AFdpzrgAAAAAail-l-0waoSON9G3U57qn6DAVwqFvraO&ved=0ahUKEwj7jNeK7fyUAxVtrpUCHSytGW8Q4dUDCA0&uact=5&oq=123456789&gs_lp=Egdnd3Mtd2l6IgkxMjM0NTY3ODkyCBAAGIAEGKIEMggQABiABBiiBEiuAlAAWA9wAXgAkAEAmAG3AaABxgWqAQMwLjS4AQPIAQD4AQGYAgWgAtUFwgIFEAAY7wWYAwCSBwMxLjSgB-IEsgcDMC40uAfUBcIHBTEuMi4yyAcJgAgB&sclient=gws-wiz, line 6961: unreachable code after return statement
JavaScript warning: https://www.google.com/search?q=123456789&sca_esv=5c97ab3475bd08d5&source=hp&ei=h3AparutN-3c1sQPrNrm-AY&iflsig=AFdpzrgAAAAAail-l-0waoSON9G3U57qn6DAVwqFvraO&ved=0ahUKEwj7jNeK7fyUAxVtrpUCHSytGW8Q4dUDCA0&uact=5&oq=123456789&gs_lp=Egdnd3Mtd2l6IgkxMjM0NTY3ODkyCBAAGIAEGKIEMggQABiABBiiBEiuAlAAWA9wAXgAkAEAmAG3AaABxgWqAQMwLjS4AQPIAQD4AQGYAgWgAtUFwgIFEAAY7wWYAwCSBwMxLjSgB-IEsgcDMC40uAfUBcIHBTEuMi4yyAcJgAgB&sclient=gws-wiz line 2 > eval, line 6961: unreachable code after return statement
JavaScript warning: https://www.google.com/search?q=123456789&sca_esv=5c97ab3475bd08d5&source=hp&ei=h3AparutN-3c1sQPrNrm-AY&iflsig=AFdpzrgAAAAAail-l-0waoSON9G3U57qn6DAVwqFvraO&ved=0ahUKEwj7jNeK7fyUAxVtrpUCHSytGW8Q4dUDCA0&uact=5&oq=123456789&gs_lp=Egdnd3Mtd2l6IgkxMjM0NTY3ODkyCBAAGIAEGKIEMggQABiABBiiBEiuAlAAWA9wAXgAkAEAmAG3AaABxgWqAQMwLjS4AQPIAQD4AQGYAgWgAtUFwgIFEAAY7wWYAwCSBwMxLjSgB-IEsgcDMC40uAfUBcIHBTEuMi4yyAcJgAgB&sclient=gws-wiz line 2 > eval, line 6961: unreachable code after return statement
JavaScript warning: https://www.google.com/search?q=123456789&sca_esv=5c97ab3475bd08d5&source=hp&ei=h3AparutN-3c1sQPrNrm-AY&iflsig=AFdpzrgAAAAAail-l-0waoSON9G3U57qn6DAVwqFvraO&ved=0ahUKEwj7jNeK7fyUAxVtrpUCHSytGW8Q4dUDCA0&uact=5&oq=123456789&gs_lp=Egdnd3Mtd2l6IgkxMjM0NTY3ODkyCBAAGIAEGKIEMggQABiABBiiBEiuAlAAWA9wAXgAkAEAmAG3AaABxgWqAQMwLjS4AQPIAQD4AQGYAgWgAtUFwgIFEAAY7wWYAwCSBwMxLjSgB-IEsgcDMC40uAfUBcIHBTEuMi4yyAcJgAgB&sclient=gws-wiz line 2 > eval, line 1: unreachable code after return statement
JavaScript warning: https://www.google.com/search?q=123456789&sca_esv=5c97ab3475bd08d5&source=hp&ei=h3AparutN-3c1sQPrNrm-AY&iflsig=AFdpzrgAAAAAail-l-0waoSON9G3U57qn6DAVwqFvraO&ved=0ahUKEwj7jNeK7fyUAxVtrpUCHSytGW8Q4dUDCA0&uact=5&oq=123456789&gs_lp=Egdnd3Mtd2l6IgkxMjM0NTY3ODkyCBAAGIAEGKIEMggQABiABBiiBEiuAlAAWA9wAXgAkAEAmAG3AaABxgWqAQMwLjS4AQPIAQD4AQGYAgWgAtUFwgIFEAAY7wWYAwCSBwMxLjSgB-IEsgcDMC40uAfUBcIHBTEuMi4yyAcJgAgB&sclient=gws-wiz line 2 > eval line 6961 > eval, line 1: unreachable code after return statement
JavaScript warning: https://www.google.com/search?q=123456789&sca_esv=5c97ab3475bd08d5&source=hp&ei=h3AparutN-3c1sQPrNrm-AY&iflsig=AFdpzrgAAAAAail-l-0waoSON9G3U57qn6DAVwqFvraO&ved=0ahUKEwj7jNeK7fyUAxVtrpUCHSytGW8Q4dUDCA0&uact=5&oq=123456789&gs_lp=Egdnd3Mtd2l6IgkxMjM0NTY3ODkyCBAAGIAEGKIEMggQABiABBiiBEiuAlAAWA9wAXgAkAEAmAG3AaABxgWqAQMwLjS4AQPIAQD4AQGYAgWgAtUFwgIFEAAY7wWYAwCSBwMxLjSgB-IEsgcDMC40uAfUBcIHBTEuMi4yyAcJgAgB&sclient=gws-wiz line 2 > eval, line 6961: unreachable code after return statement
JavaScript warning: https://www.google.com/search?q=123456789&sca_esv=5c97ab3475bd08d5&source=hp&ei=h3AparutN-3c1sQPrNrm-AY&iflsig=AFdpzrgAAAAAail-l-0waoSON9G3U57qn6DAVwqFvraO&ved=0ahUKEwj7jNeK7fyUAxVtrpUCHSytGW8Q4dUDCA0&uact=5&oq=123456789&gs_lp=Egdnd3Mtd2l6IgkxMjM0NTY3ODkyCBAAGIAEGKIEMggQABiABBiiBEiuAlAAWA9wAXgAkAEAmAG3AaABxgWqAQMwLjS4AQPIAQD4AQGYAgWgAtUFwgIFEAAY7wWYAwCSBwMxLjSgB-IEsgcDMC40uAfUBcIHBTEuMi4yyAcJgAgB&sclient=gws-wiz line 2 > eval, line 6961: unreachable code after return statement
JavaScript warning: https://www.google.com/search?q=123456789&sca_esv=5c97ab3475bd08d5&source=hp&ei=h3AparutN-3c1sQPrNrm-AY&iflsig=AFdpzrgAAAAAail-l-0waoSON9G3U57qn6DAVwqFvraO&ved=0ahUKEwj7jNeK7fyUAxVtrpUCHSytGW8Q4dUDCA0&uact=5&oq=123456789&gs_lp=Egdnd3Mtd2l6IgkxMjM0NTY3ODkyCBAAGIAEGKIEMggQABiABBiiBEiuAlAAWA9wAXgAkAEAmAG3AaABxgWqAQMwLjS4AQPIAQD4AQGYAgWgAtUFwgIFEAAY7wWYAwCSBwMxLjSgB-IEsgcDMC40uAfUBcIHBTEuMi4yyAcJgAgB&sclient=gws-wiz line 2 > eval line 6961 > eval line 1 > eval, line 1: unreachable code after return statement
JavaScript warning: https://www.google.com/search?q=123456789&sca_esv=5c97ab3475bd08d5&source=hp&ei=h3AparutN-3c1sQPrNrm-AY&iflsig=AFdpzrgAAAAAail-l-0waoSON9G3U57qn6DAVwqFvraO&ved=0ahUKEwj7jNeK7fyUAxVtrpUCHSytGW8Q4dUDCA0&uact=5&oq=123456789&gs_lp=Egdnd3Mtd2l6IgkxMjM0NTY3ODkyCBAAGIAEGKIEMggQABiABBiiBEiuAlAAWA9wAXgAkAEAmAG3AaABxgWqAQMwLjS4AQPIAQD4AQGYAgWgAtUFwgIFEAAY7wWYAwCSBwMxLjSgB-IEsgcDMC40uAfUBcIHBTEuMi4yyAcJgAgB&sclient=gws-wiz line 2 > eval line 6961 > eval line 1 > eval line 1 > eval, line 1: unreachable code after return statement
1781100686490	Marionette	WARN	Ignoring event 'DOMContentLoaded' because document has an invalid readyState of 'complete'.
JavaScript error: https://www.google.com/sorry/index?continue=https://www.google.com/search%3Fq%3D123456789%26sca_esv%3D5c97ab3475bd08d5%26source%3Dhp%26ei%3Dh3AparutN-3c1sQPrNrm-AY%26iflsig%3DAFdpzrgAAAAAail-l-0waoSON9G3U57qn6DAVwqFvraO%26ved%3D0ahUKEwj7jNeK7fyUAxVtrpUCHSytGW8Q4dUDCA0%26uact%3D5%26oq%3D123456789%26gs_lp%3DEgdnd3Mtd2l6IgkxMjM0NTY3ODkyCBAAGIAEGKIEMggQABiABBiiBEiuAlAAWA9wAXgAkAEAmAG3AaABxgWqAQMwLjS4AQPIAQD4AQGYAgWgAtUFwgIFEAAY7wWYAwCSBwMxLjSgB-IEsgcDMC40uAfUBcIHBTEuMi4yyAcJgAgB%26sclient%3Dgws-wiz%26sei%3DjnApasXCFf_95OUPk_XCyAg&q=EhAgARKE9Q6ikk0wsz0Y4Ah5GI7hpdEGIjBCj5uM78z1_wZbuL9sQbEfP3Mf_uELngtidHXHjbj1Vuyej48I81-MINMxzNL9Xe0yAVJaAUM, line 1: ReferenceError: solveSimpleChallenge is not defined
1781100688277	Marionette	INFO	Stopped listening on port 45817
console.warn: TopSitesFeed: Failed to fetch data from MARS server: NetworkError when attempting to fetch resource.
console.error: Translations: "Failed to run language detection." (new AbortError("Actor 'Translations' destroyed before query 'Translations:GetDocumentElementLang' was resolved", (void 0)))
1781100688585	webdriver::server	INFO	Shutting down
